<?xml version="1.0" encoding="UTF-8"?>
<!-- Generated by org.testng.reporters.JUnitReportReporter -->
<testsuite name="Test.Java.LastTestCase" tests="5" time="0.068" ignored="0" failures="0" timestamp="26 Jun 2018 11:12:48 GMT" skipped="0" hostname="ASDP1534PO01976" errors="0">
  <testcase name="Player_Exist" time="0.008" classname="Test.Java.LastTestCase"/>
  <testcase name="Delete_UnregisterPlayer" time="0.007" classname="Test.Java.LastTestCase"/>
  <testcase name="Max_Player" time="0.007" classname="Test.Java.LastTestCase"/>
  <testcase name="Invalid_Turn_exception" time="0.010" classname="Test.Java.LastTestCase"/>
  <testcase name="Game_In_progress_Exception" time="0.036" classname="Test.Java.LastTestCase"/>
</testsuite> <!-- Test.Java.LastTestCase -->
